0 info it worked if it ends with ok
1 verbose cli [ 'node', '/usr/local/bin/npm', 'install', '--save', 'webpage' ]
2 info using npm@1.3.8
3 info using node@v0.10.17
4 verbose readDependencies using package.json deps
5 verbose cache add [ 'webpage', null ]
6 verbose cache add name=undefined spec="webpage" args=["webpage",null]
7 verbose parsed url { protocol: null,
7 verbose parsed url   slashes: null,
7 verbose parsed url   auth: null,
7 verbose parsed url   host: null,
7 verbose parsed url   port: null,
7 verbose parsed url   hostname: null,
7 verbose parsed url   hash: null,
7 verbose parsed url   search: null,
7 verbose parsed url   query: null,
7 verbose parsed url   pathname: 'webpage',
7 verbose parsed url   path: 'webpage',
7 verbose parsed url   href: 'webpage' }
8 silly lockFile c3c0e61b-webpage webpage
9 verbose lock webpage /Users/sean/.npm/c3c0e61b-webpage.lock
10 silly lockFile c3c0e61b-webpage webpage
11 silly lockFile c3c0e61b-webpage webpage
12 verbose addNamed [ 'webpage', '' ]
13 verbose addNamed [ null, '*' ]
14 silly lockFile 92ce8f44-webpage webpage@
15 verbose lock webpage@ /Users/sean/.npm/92ce8f44-webpage.lock
16 silly addNameRange { name: 'webpage', range: '*', hasData: false }
17 verbose url raw webpage
18 verbose url resolving [ 'https://registry.npmjs.org/', './webpage' ]
19 verbose url resolved https://registry.npmjs.org/webpage
20 info trying registry request attempt 1 at 20:43:03
21 http GET https://registry.npmjs.org/webpage
22 http 404 https://registry.npmjs.org/webpage
23 silly registry.get cb [ 404,
23 silly registry.get   { date: 'Tue, 20 May 2014 03:43:04 GMT',
23 silly registry.get     server: 'CouchDB/1.5.0 (Erlang OTP/R14B04)',
23 silly registry.get     'content-type': 'application/json',
23 silly registry.get     via: '1.1 varnish',
23 silly registry.get     'cache-control': 'max-age=0',
23 silly registry.get     'content-length': '52',
23 silly registry.get     'accept-ranges': 'bytes',
23 silly registry.get     age: '0',
23 silly registry.get     'x-served-by': 'cache-v41-ASH, cache-lax1432-LAX',
23 silly registry.get     'x-cache': 'MISS, MISS',
23 silly registry.get     'x-cache-hits': '0, 0',
23 silly registry.get     'x-timer': 'S1400557384.370532751,VS0,VS33,VE51,VE83',
23 silly registry.get     'keep-alive': 'timeout=10, max=50',
23 silly registry.get     connection: 'Keep-Alive' } ]
24 silly lockFile 92ce8f44-webpage webpage@
25 silly lockFile 92ce8f44-webpage webpage@
26 error 404 'webpage' is not in the npm registry.
26 error 404 You should bug the author to publish it
26 error 404
26 error 404 Note that you can also install from a
26 error 404 tarball, folder, or http url, or git url.
27 error System Darwin 13.1.0
28 error command "node" "/usr/local/bin/npm" "install" "--save" "webpage"
29 error cwd /Users/sean/workspace/node-kiwi
30 error node -v v0.10.17
31 error npm -v 1.3.8
32 error code E404
33 verbose exit [ 1, true ]
